2019-08-09 20:16:23,869 INFO 420 [egg-schedule]: register schedule F:\project\node\website-template-egg\node_modules\egg-multipart\app\schedule\clean_tmpdir.js
2019-08-09 20:16:23,869 INFO 420 [egg-schedule]: register schedule F:\project\node\website-template-egg\node_modules\egg-logrotator\app\schedule\clean_log.js
2019-08-09 20:16:23,869 INFO 420 [egg-schedule]: register schedule F:\project\node\website-template-egg\node_modules\egg-logrotator\app\schedule\rotate_by_file.js
2019-08-09 20:16:23,974 INFO 7708 [Timer] F:\project\node\website-template-egg\node_modules\egg-multipart\app\schedule\clean_tmpdir.js next time will execute after 29616028ms at 2019-08-10 04:30:00.002
2019-08-09 20:16:23,975 INFO 7708 [Timer] F:\project\node\website-template-egg\node_modules\egg-logrotator\app\schedule\clean_log.js next time will execute after 13416026ms at 2019-08-10 00:00:00.000
2019-08-09 20:16:23,975 INFO 7708 [Timer] F:\project\node\website-template-egg\node_modules\egg-logrotator\app\schedule\rotate_by_file.js next time will execute after 13417025ms at 2019-08-10 00:00:01.000
2019-08-09 20:17:13,389 INFO 18508 [Timer] F:\project\node\website-template-egg\node_modules\egg-multipart\app\schedule\clean_tmpdir.js next time will execute after 29566614ms at 2019-08-10 04:30:00.003
2019-08-09 20:17:13,389 INFO 18508 [Timer] F:\project\node\website-template-egg\node_modules\egg-logrotator\app\schedule\clean_log.js next time will execute after 13366611ms at 2019-08-10 00:00:00.000
2019-08-09 20:17:13,389 INFO 18508 [Timer] F:\project\node\website-template-egg\node_modules\egg-logrotator\app\schedule\rotate_by_file.js next time will execute after 13367611ms at 2019-08-10 00:00:01.000
2019-08-09 20:17:13,303 INFO 11336 [egg-schedule]: register schedule F:\project\node\website-template-egg\node_modules\egg-multipart\app\schedule\clean_tmpdir.js
2019-08-09 20:17:13,303 INFO 11336 [egg-schedule]: register schedule F:\project\node\website-template-egg\node_modules\egg-logrotator\app\schedule\clean_log.js
2019-08-09 20:17:13,303 INFO 11336 [egg-schedule]: register schedule F:\project\node\website-template-egg\node_modules\egg-logrotator\app\schedule\rotate_by_file.js
2019-08-09 20:21:38,431 INFO 19828 [egg-schedule]: register schedule F:\project\node\website-template-egg\node_modules\egg-multipart\app\schedule\clean_tmpdir.js
2019-08-09 20:21:38,431 INFO 19828 [egg-schedule]: register schedule F:\project\node\website-template-egg\node_modules\egg-logrotator\app\schedule\clean_log.js
2019-08-09 20:21:38,431 INFO 19828 [egg-schedule]: register schedule F:\project\node\website-template-egg\node_modules\egg-logrotator\app\schedule\rotate_by_file.js
2019-08-09 20:21:42,835 INFO 18712 [egg-schedule]: register schedule F:\project\node\website-template-egg\node_modules\egg-multipart\app\schedule\clean_tmpdir.js
2019-08-09 20:21:42,835 INFO 18712 [egg-schedule]: register schedule F:\project\node\website-template-egg\node_modules\egg-logrotator\app\schedule\clean_log.js
2019-08-09 20:21:42,835 INFO 18712 [egg-schedule]: register schedule F:\project\node\website-template-egg\node_modules\egg-logrotator\app\schedule\rotate_by_file.js
2019-08-09 20:21:56,935 INFO 17116 [egg-schedule]: register schedule F:\project\node\website-template-egg\node_modules\egg-multipart\app\schedule\clean_tmpdir.js
2019-08-09 20:21:56,936 INFO 17116 [egg-schedule]: register schedule F:\project\node\website-template-egg\node_modules\egg-logrotator\app\schedule\clean_log.js
2019-08-09 20:21:56,936 INFO 17116 [egg-schedule]: register schedule F:\project\node\website-template-egg\node_modules\egg-logrotator\app\schedule\rotate_by_file.js
2019-08-09 20:26:16,545 INFO 20856 [egg-schedule]: register schedule F:\project\node\website-template-egg\node_modules\egg-multipart\app\schedule\clean_tmpdir.js
2019-08-09 20:26:16,545 INFO 20856 [egg-schedule]: register schedule F:\project\node\website-template-egg\node_modules\egg-logrotator\app\schedule\clean_log.js
2019-08-09 20:26:16,545 INFO 20856 [egg-schedule]: register schedule F:\project\node\website-template-egg\node_modules\egg-logrotator\app\schedule\rotate_by_file.js
2019-08-09 20:26:28,959 INFO 15876 [egg-schedule]: register schedule F:\project\node\website-template-egg\node_modules\egg-multipart\app\schedule\clean_tmpdir.js
2019-08-09 20:26:28,959 INFO 15876 [egg-schedule]: register schedule F:\project\node\website-template-egg\node_modules\egg-logrotator\app\schedule\clean_log.js
2019-08-09 20:26:28,959 INFO 15876 [egg-schedule]: register schedule F:\project\node\website-template-egg\node_modules\egg-logrotator\app\schedule\rotate_by_file.js
2019-08-09 20:26:42,033 INFO 18212 [egg-schedule]: register schedule F:\project\node\website-template-egg\node_modules\egg-multipart\app\schedule\clean_tmpdir.js
2019-08-09 20:26:42,033 INFO 18212 [egg-schedule]: register schedule F:\project\node\website-template-egg\node_modules\egg-logrotator\app\schedule\clean_log.js
2019-08-09 20:26:42,033 INFO 18212 [egg-schedule]: register schedule F:\project\node\website-template-egg\node_modules\egg-logrotator\app\schedule\rotate_by_file.js
2019-08-09 20:27:00,272 INFO 7444 [egg-schedule]: register schedule F:\project\node\website-template-egg\node_modules\egg-multipart\app\schedule\clean_tmpdir.js
2019-08-09 20:27:00,272 INFO 7444 [egg-schedule]: register schedule F:\project\node\website-template-egg\node_modules\egg-logrotator\app\schedule\clean_log.js
2019-08-09 20:27:00,272 INFO 7444 [egg-schedule]: register schedule F:\project\node\website-template-egg\node_modules\egg-logrotator\app\schedule\rotate_by_file.js
